
--- CGI env ---
CONTENT_LENGTH: 309394
CONTENT_TYPE: multipart/form-data; boundary=----WebKitFormBoundarypZO63ythT0A2uQnC
HTTP_COOKIE: 
HTTP_HOST: localhost
QUERY_STRING: 
REQUEST_METHOD: POST
SCRIPT_NAME: ./www/cgi-bin/upload.py
SERVER_PORT: 8088
SERVER_PROTOCOL: HTTP/1.1
UPLOAD_STORE: 
LC_CTYPE: C.UTF-8

--- DIRECT FORM PROCESSING ---
Content-Type: multipart/form-data; boundary=----WebKitFormBoundarypZO63ythT0A2uQnC
Content-Length: 309394
Detected boundary: ------WebKitFormBoundarypZO63ythT0A2uQnC
Raw data size: 309394 bytes
Split into 3 parts
File field: filename, Filename: Screenshot from 2025-04-24 18-39-34.png, Content-Type: image/png, Size: 309178
File content first 100 bytes (hex): 89504e470d0a1a0a0000000d4948445200000780000004180806000000ef7fc4750000000473424954080808087c0864880000001974455874536f66747761726500676e6f6d652d73637265656e73686f74ef03bf3e0000002e74455874437265617469
