
--- Upload Status ---
time: 2025-04-23 20:31:27
file_saved: True
actual_size: 312254
expected_size: 312254
size_match: True

--- Upload Status ---
time: 2025-04-23 20:31:57
file_saved: True
actual_size: 312254
expected_size: 312254
size_match: True

--- Upload Status ---
time: 2025-04-23 20:32:18
file_saved: True
actual_size: 296829
expected_size: 296829
size_match: True

--- Upload Status ---
time: 2025-04-23 20:32:29
file_saved: True
actual_size: 3070
expected_size: 3070
size_match: True

--- Upload Status ---
time: 2025-04-23 20:33:30
file_saved: True
actual_size: 294
expected_size: 294
size_match: True

--- Upload Status ---
time: 2025-04-23 20:36:30
file_saved: True
actual_size: 762
expected_size: 762
size_match: True

--- Upload Status ---
time: 2025-04-23 20:40:39
file_saved: True
actual_size: 665
expected_size: 665
size_match: True

--- Upload Status ---
time: 2025-04-23 20:55:52
file_saved: True
actual_size: 251
expected_size: 251
size_match: True
