[2025-04-23 20:31:27] ========== NEW UPLOAD REQUEST ==========
[2025-04-23 20:31:27] Reading raw POST data from stdin
[2025-04-23 20:31:27] Read 312470 bytes from stdin
[2025-04-23 20:31:27] Found file part in multipart data
[2025-04-23 20:31:27] Extracted filename: Screenshot from 2025-04-15 19-56-24.png
[2025-04-23 20:31:27] Form field name: filename
[2025-04-23 20:31:27] File content type: image/png
[2025-04-23 20:31:27] Extracted file content: 312254 bytes
[2025-04-23 20:31:27] Upload directory exists: ./www/cgi-bin/uploads
[2025-04-23 20:31:27] Successfully extracted file: Screenshot from 2025-04-15 19-56-24.png
[2025-04-23 20:31:27] Using basename: Screenshot from 2025-04-15 19-56-24.png
[2025-04-23 20:31:27] File content size: 312254 bytes
[2025-04-23 20:31:27] File type detected: image/png
[2025-04-23 20:31:27] Starting to write file to: ./www/cgi-bin/uploads/Screenshot from 2025-04-15 19-56-24.png
[2025-04-23 20:31:27] Writing progress: 10% (32768/312254 bytes)
[2025-04-23 20:31:27] Writing progress: 20% (65536/312254 bytes)
[2025-04-23 20:31:27] Writing progress: 30% (94208/312254 bytes)
[2025-04-23 20:31:27] Writing progress: 40% (126976/312254 bytes)
[2025-04-23 20:31:27] Writing progress: 60% (188416/312254 bytes)
[2025-04-23 20:31:27] Writing progress: 70% (221184/312254 bytes)
[2025-04-23 20:31:27] Writing progress: 80% (249856/312254 bytes)
[2025-04-23 20:31:27] Writing progress: 90% (282624/312254 bytes)
[2025-04-23 20:31:27] Writing progress: 100% (312254/312254 bytes)
[2025-04-23 20:31:27] File successfully written to disk: ./www/cgi-bin/uploads/Screenshot from 2025-04-15 19-56-24.png
[2025-04-23 20:31:57] ========== NEW UPLOAD REQUEST ==========
[2025-04-23 20:31:57] Reading raw POST data from stdin
[2025-04-23 20:31:57] Read 312470 bytes from stdin
[2025-04-23 20:31:57] Found file part in multipart data
[2025-04-23 20:31:57] Extracted filename: Screenshot from 2025-04-15 19-56-24.png
[2025-04-23 20:31:57] Form field name: filename
[2025-04-23 20:31:57] File content type: image/png
[2025-04-23 20:31:57] Extracted file content: 312254 bytes
[2025-04-23 20:31:57] Upload directory exists: ./www/cgi-bin/uploads
[2025-04-23 20:31:57] Successfully extracted file: Screenshot from 2025-04-15 19-56-24.png
[2025-04-23 20:31:57] Using basename: Screenshot from 2025-04-15 19-56-24.png
[2025-04-23 20:31:57] File content size: 312254 bytes
[2025-04-23 20:31:57] File type detected: image/png
[2025-04-23 20:31:57] Starting to write file to: ./www/cgi-bin/uploads/Screenshot from 2025-04-15 19-56-24.png
[2025-04-23 20:31:57] Writing progress: 10% (32768/312254 bytes)
[2025-04-23 20:31:57] Writing progress: 20% (65536/312254 bytes)
[2025-04-23 20:31:57] Writing progress: 30% (94208/312254 bytes)
[2025-04-23 20:31:57] Writing progress: 40% (126976/312254 bytes)
[2025-04-23 20:31:57] Writing progress: 60% (188416/312254 bytes)
[2025-04-23 20:31:57] Writing progress: 70% (221184/312254 bytes)
[2025-04-23 20:31:57] Writing progress: 80% (249856/312254 bytes)
[2025-04-23 20:31:57] Writing progress: 90% (282624/312254 bytes)
[2025-04-23 20:31:57] Writing progress: 100% (312254/312254 bytes)
[2025-04-23 20:31:57] File successfully written to disk: ./www/cgi-bin/uploads/Screenshot from 2025-04-15 19-56-24.png
[2025-04-23 20:32:18] ========== NEW UPLOAD REQUEST ==========
[2025-04-23 20:32:18] Reading raw POST data from stdin
[2025-04-23 20:32:18] Read 297045 bytes from stdin
[2025-04-23 20:32:18] Found file part in multipart data
[2025-04-23 20:32:18] Extracted filename: Screenshot from 2025-04-01 15-06-07.png
[2025-04-23 20:32:18] Form field name: filename
[2025-04-23 20:32:18] File content type: image/png
[2025-04-23 20:32:18] Extracted file content: 296829 bytes
[2025-04-23 20:32:18] Upload directory exists: ./www/cgi-bin/uploads
[2025-04-23 20:32:18] Successfully extracted file: Screenshot from 2025-04-01 15-06-07.png
[2025-04-23 20:32:18] Using basename: Screenshot from 2025-04-01 15-06-07.png
[2025-04-23 20:32:18] File content size: 296829 bytes
[2025-04-23 20:32:18] File type detected: image/png
[2025-04-23 20:32:18] Starting to write file to: ./www/cgi-bin/uploads/Screenshot from 2025-04-01 15-06-07.png
[2025-04-23 20:32:18] Writing progress: 20% (61440/296829 bytes)
[2025-04-23 20:32:18] Writing progress: 30% (90112/296829 bytes)
[2025-04-23 20:32:18] Writing progress: 40% (118784/296829 bytes)
[2025-04-23 20:32:18] Writing progress: 60% (180224/296829 bytes)
[2025-04-23 20:32:18] Writing progress: 70% (208896/296829 bytes)
[2025-04-23 20:32:18] Writing progress: 80% (237568/296829 bytes)
[2025-04-23 20:32:18] Writing progress: 100% (296829/296829 bytes)
[2025-04-23 20:32:18] File successfully written to disk: ./www/cgi-bin/uploads/Screenshot from 2025-04-01 15-06-07.png
[2025-04-23 20:32:29] ========== NEW UPLOAD REQUEST ==========
[2025-04-23 20:32:29] Reading raw POST data from stdin
[2025-04-23 20:32:29] Read 3263 bytes from stdin
[2025-04-23 20:32:29] Found file part in multipart data
[2025-04-23 20:32:29] Extracted filename: Response.hpp
[2025-04-23 20:32:29] Form field name: filename
[2025-04-23 20:32:29] File content type: text/x-c++hdr
[2025-04-23 20:32:29] Extracted file content: 3070 bytes
[2025-04-23 20:32:29] Upload directory exists: ./www/cgi-bin/uploads
[2025-04-23 20:32:29] Successfully extracted file: Response.hpp
[2025-04-23 20:32:29] Using basename: Response.hpp
[2025-04-23 20:32:29] File content size: 3070 bytes
[2025-04-23 20:32:29] File type detected: text/x-c++hdr
[2025-04-23 20:32:29] Starting to write file to: ./www/cgi-bin/uploads/Response.hpp
[2025-04-23 20:32:29] Writing progress: 100% (3070/3070 bytes)
[2025-04-23 20:32:29] File successfully written to disk: ./www/cgi-bin/uploads/Response.hpp
[2025-04-23 20:33:30] ========== NEW UPLOAD REQUEST ==========
[2025-04-23 20:33:30] Reading raw POST data from stdin
[2025-04-23 20:33:30] Read 491 bytes from stdin
[2025-04-23 20:33:30] Found file part in multipart data
[2025-04-23 20:33:30] Extracted filename: ServerConfig.cpp
[2025-04-23 20:33:30] Form field name: filename
[2025-04-23 20:33:30] File content type: text/x-c++src
[2025-04-23 20:33:30] Extracted file content: 294 bytes
[2025-04-23 20:33:30] Upload directory exists: ./www/cgi-bin/uploads
[2025-04-23 20:33:30] Successfully extracted file: ServerConfig.cpp
[2025-04-23 20:33:30] Using basename: ServerConfig.cpp
[2025-04-23 20:33:30] File content size: 294 bytes
[2025-04-23 20:33:30] File type detected: text/x-c++src
[2025-04-23 20:33:30] Starting to write file to: ./www/cgi-bin/uploads/ServerConfig.cpp
[2025-04-23 20:33:30] Writing progress: 100% (294/294 bytes)
[2025-04-23 20:33:30] File successfully written to disk: ./www/cgi-bin/uploads/ServerConfig.cpp
[2025-04-23 20:36:30] ========== NEW UPLOAD REQUEST ==========
[2025-04-23 20:36:30] Reading raw POST data from stdin
[2025-04-23 20:36:30] Read 961 bytes from stdin
[2025-04-23 20:36:30] Found file part in multipart data
[2025-04-23 20:36:30] Extracted filename: LocationConfig.hpp
[2025-04-23 20:36:30] Form field name: filename
[2025-04-23 20:36:30] File content type: text/x-c++hdr
[2025-04-23 20:36:30] Extracted file content: 762 bytes
[2025-04-23 20:36:30] Upload directory exists: ./www/cgi-bin/uploads
[2025-04-23 20:36:30] Successfully extracted file: LocationConfig.hpp
[2025-04-23 20:36:30] Using basename: LocationConfig.hpp
[2025-04-23 20:36:30] File content size: 762 bytes
[2025-04-23 20:36:30] File type detected: text/x-c++hdr
[2025-04-23 20:36:30] Starting to write file to: ./www/cgi-bin/uploads/LocationConfig.hpp
[2025-04-23 20:36:30] Writing progress: 100% (762/762 bytes)
[2025-04-23 20:36:30] File successfully written to disk: ./www/cgi-bin/uploads/LocationConfig.hpp
[2025-04-23 20:40:39] ========== NEW UPLOAD REQUEST ==========
[2025-04-23 20:40:39] Reading raw POST data from stdin
[2025-04-23 20:40:39] Read 862 bytes from stdin
[2025-04-23 20:40:39] Found file part in multipart data
[2025-04-23 20:40:39] Extracted filename: ServerConfig.hpp
[2025-04-23 20:40:39] Form field name: filename
[2025-04-23 20:40:39] File content type: text/x-c++hdr
[2025-04-23 20:40:39] Extracted file content: 665 bytes
[2025-04-23 20:40:39] Upload directory exists: ./www/cgi-bin/uploads
[2025-04-23 20:40:39] Successfully extracted file: ServerConfig.hpp
[2025-04-23 20:40:39] Using basename: ServerConfig.hpp
[2025-04-23 20:40:39] File content size: 665 bytes
[2025-04-23 20:40:39] File type detected: text/x-c++hdr
[2025-04-23 20:40:39] Starting to write file to: ./www/cgi-bin/uploads/ServerConfig.hpp
[2025-04-23 20:40:39] Writing progress: 100% (665/665 bytes)
[2025-04-23 20:40:39] File successfully written to disk: ./www/cgi-bin/uploads/ServerConfig.hpp
[2025-04-23 20:42:21] ========== NEW UPLOAD REQUEST ==========
[2025-04-23 20:42:21] Reading raw POST data from stdin
[2025-04-23 20:42:21] Read 441 bytes from stdin
[2025-04-23 20:42:21] Found file part in multipart data
[2025-04-23 20:42:21] Extracted filename: Utils.hpp
[2025-04-23 20:42:21] Form field name: filename
[2025-04-23 20:42:21] File content type: text/x-c++hdr
[2025-04-23 20:42:21] Extracted file content: 251 bytes
[2025-04-23 20:42:21] ERROR: FileNotFoundError: [Errno 2] No such file or directory: ''
[2025-04-23 20:44:30] ========== NEW UPLOAD REQUEST ==========
[2025-04-23 20:44:30] Reading raw POST data from stdin
[2025-04-23 20:44:30] Read 441 bytes from stdin
[2025-04-23 20:44:30] Found file part in multipart data
[2025-04-23 20:44:30] Extracted filename: Utils.hpp
[2025-04-23 20:44:30] Form field name: filename
[2025-04-23 20:44:30] File content type: text/x-c++hdr
[2025-04-23 20:44:30] Extracted file content: 251 bytes
[2025-04-23 20:44:30] ERROR: FileNotFoundError: [Errno 2] No such file or directory: ''
[2025-04-23 20:52:35] ========== NEW UPLOAD REQUEST ==========
[2025-04-23 20:52:35] Reading raw POST data from stdin
[2025-04-23 20:52:35] Read 441 bytes from stdin
[2025-04-23 20:52:35] Found file part in multipart data
[2025-04-23 20:52:35] Extracted filename: Utils.hpp
[2025-04-23 20:52:35] Form field name: filename
[2025-04-23 20:52:35] File content type: text/x-c++hdr
[2025-04-23 20:52:35] Extracted file content: 251 bytes
[2025-04-23 20:52:35] ERROR: FileNotFoundError: [Errno 2] No such file or directory: ''
[2025-04-23 20:54:43] ========== NEW UPLOAD REQUEST ==========
[2025-04-23 20:54:43] Reading raw POST data from stdin
[2025-04-23 20:54:43] Read 441 bytes from stdin
[2025-04-23 20:54:43] Found file part in multipart data
[2025-04-23 20:54:43] Extracted filename: Utils.hpp
[2025-04-23 20:54:43] Form field name: filename
[2025-04-23 20:54:43] File content type: text/x-c++hdr
[2025-04-23 20:54:43] Extracted file content: 251 bytes
[2025-04-23 20:54:43] ERROR: PermissionError: [Errno 13] Permission denied: '/www'
[2025-04-23 20:55:52] ========== NEW UPLOAD REQUEST ==========
[2025-04-23 20:55:52] Reading raw POST data from stdin
[2025-04-23 20:55:52] Read 441 bytes from stdin
[2025-04-23 20:55:52] Found file part in multipart data
[2025-04-23 20:55:52] Extracted filename: Utils.hpp
[2025-04-23 20:55:52] Form field name: filename
[2025-04-23 20:55:52] File content type: text/x-c++hdr
[2025-04-23 20:55:52] Extracted file content: 251 bytes
[2025-04-23 20:55:52] Upload directory exists: ./www/cgi-bin/uploads
[2025-04-23 20:55:52] Successfully extracted file: Utils.hpp
[2025-04-23 20:55:52] Using basename: Utils.hpp
[2025-04-23 20:55:52] File content size: 251 bytes
[2025-04-23 20:55:52] File type detected: text/x-c++hdr
[2025-04-23 20:55:52] Starting to write file to: ./www/cgi-bin/uploads/Utils.hpp
[2025-04-23 20:55:52] Writing progress: 100% (251/251 bytes)
[2025-04-23 20:55:52] File successfully written to disk: ./www/cgi-bin/uploads/Utils.hpp
