
--- New Upload Attempt ---
time: 2025-04-22 18:53:03
filename: Screenshot from 2025-04-15 19-58-15.png
filepath: ./www/cgi-bin/tmp/Screenshot from 2025-04-15 19-58-15.png
file_size: 316607
file_type: image/png
upload_dir_exists: True
upload_dir_writable: True

--- New Upload Attempt ---
time: 2025-04-22 19:01:54
filename: 6ac18ac1-e191-41e9-b365-2748cc283205.png
filepath: ./www/cgi-bin/tmp/6ac18ac1-e191-41e9-b365-2748cc283205.png
file_size: 1412580
file_type: image/png
upload_dir_exists: True
upload_dir_writable: True

--- New Upload Attempt ---
time: 2025-04-22 19:07:12
filename: Intra Profile Home.html
filepath: ./www/cgi-bin/tmp/Intra Profile Home.html
file_size: 224058
file_type: text/html
upload_dir_exists: True
upload_dir_writable: True
